<?xml version="1.0" encoding="UTF-8"?>
<testsuite name="QuicksortTest" tests="3" skipped="0" failures="0" errors="0" timestamp="2021-05-18T20:21:47" hostname="Linettes-MBP.lan" time="0.027">
  <properties/>
  <testcase name="quicksort_empty()" classname="QuicksortTest" time="0.023"/>
  <testcase name="quicksort_randomArray()" classname="QuicksortTest" time="0.002"/>
  <testcase name="quicksort_oneElement()" classname="QuicksortTest" time="0.0"/>
  <system-out><![CDATA[]]></system-out>
  <system-err><![CDATA[]]></system-err>
</testsuite>
