<?xml version="1.0" encoding="UTF-8"?>
<testsuite name="MergeSortTest" tests="3" skipped="0" failures="0" errors="0" timestamp="2021-05-18T20:46:35" hostname="Linettes-MBP.lan" time="0.024">
  <properties/>
  <testcase name="mergesort_oneElement()" classname="MergeSortTest" time="0.02"/>
  <testcase name="mergesort_randomArray()" classname="MergeSortTest" time="0.001"/>
  <testcase name="mergesort_empty()" classname="MergeSortTest" time="0.001"/>
  <system-out><![CDATA[]]></system-out>
  <system-err><![CDATA[]]></system-err>
</testsuite>
