<?xml version="1.0" encoding="UTF-8"?>
<testsuite name="LinkedListTest" tests="16" skipped="0" failures="0" errors="0" timestamp="2021-05-04T19:45:42" hostname="Linettes-MBP.lan" time="0.079">
  <properties/>
  <testcase name="testContainsMethod_NodeExists()" classname="LinkedListTest" time="0.038"/>
  <testcase name="testDeleteNthExceptionError()" classname="LinkedListTest" time="0.003"/>
  <testcase name="testDeleteMethod_NodeExists()" classname="LinkedListTest" time="0.002"/>
  <testcase name="testDeletingNodeFromOneElementListByIndex()" classname="LinkedListTest" time="0.002"/>
  <testcase name="testDeletingTailNode()" classname="LinkedListTest" time="0.002"/>
  <testcase name="testGetPositionIndex()" classname="LinkedListTest" time="0.001"/>
  <testcase name="testDeletingNthNode()" classname="LinkedListTest" time="0.001"/>
  <testcase name="testGetPositionIndexOutOfBounds()" classname="LinkedListTest" time="0.001"/>
  <testcase name="testGetLastNode()" classname="LinkedListTest" time="0.001"/>
  <testcase name="testAddingFirstNewNode()" classname="LinkedListTest" time="0.001"/>
  <testcase name="testAddingNewNodeToEndOfLL()" classname="LinkedListTest" time="0.001"/>
  <testcase name="testContainsMethod_NodeDoesNotExist()" classname="LinkedListTest" time="0.002"/>
  <testcase name="nodeHoldsIntegerData()" classname="LinkedListTest" time="0.001"/>
  <testcase name="testGetFirstNode()" classname="LinkedListTest" time="0.002"/>
  <testcase name="testLLEmptiness()" classname="LinkedListTest" time="0.002"/>
  <testcase name="testDeletingNodeFromOneElementList()" classname="LinkedListTest" time="0.001"/>
  <system-out><![CDATA[]]></system-out>
  <system-err><![CDATA[]]></system-err>
</testsuite>
