<?xml version="1.0" encoding="UTF-8"?>
<testsuite name="LinkedListTest" tests="1" skipped="0" failures="0" errors="0" timestamp="2021-05-04T17:30:11" hostname="Linettes-MBP.lan" time="0.036">
  <properties/>
  <testcase name="testDeleteingNthNode()" classname="LinkedListTest" time="0.036"/>
  <system-out><![CDATA[]]></system-out>
  <system-err><![CDATA[]]></system-err>
</testsuite>
